[2015-09-07 09:24:58] request.ERROR: Uncaught PHP Exception Symfony\Component\HttpKernel\Exception\NotFoundHttpException: "No route found for "GET /" (from "http://arcdev.housing.salle.url.edu/optimus/")" at /var/www/optimus/app/cache/prod/classes.php line 2420 {"exception":"[object] (Symfony\\Component\\HttpKernel\\Exception\\NotFoundHttpException(code: 0): No route found for \"GET /\" (from \"http://arcdev.housing.salle.url.edu/optimus/\") at /var/www/optimus/app/cache/prod/classes.php:2420, Symfony\\Component\\Routing\\Exception\\ResourceNotFoundException(code: 0):  at /var/www/optimus/app/cache/prod/appProdUrlMatcher.php:337)"} []
[2015-09-07 11:40:12] request.ERROR: Uncaught PHP Exception Symfony\Component\HttpKernel\Exception\NotFoundHttpException: "No route found for "GET /" (from "http://arcdev.housing.salle.url.edu/optimus/")" at /var/www/optimus/app/cache/prod/classes.php line 2420 {"exception":"[object] (Symfony\\Component\\HttpKernel\\Exception\\NotFoundHttpException(code: 0): No route found for \"GET /\" (from \"http://arcdev.housing.salle.url.edu/optimus/\") at /var/www/optimus/app/cache/prod/classes.php:2420, Symfony\\Component\\Routing\\Exception\\ResourceNotFoundException(code: 0):  at /var/www/optimus/app/cache/prod/appProdUrlMatcher.php:337)"} []
[2015-09-21 12:21:32] request.INFO: Matched route "actionPlan_mapping" (parameters: "_controller": "Optimus\OptimusBundle\Controller\APSensorsController::mappingAction", "idBuilding": "1", "idActionPlan": "19", "_route": "actionPlan_mapping") [] []
[2015-09-21 12:21:33] security.DEBUG: Read SecurityContext from the session [] []
[2015-09-21 12:21:33] security.DEBUG: Reloading user from user provider. [] []
[2015-09-21 12:21:33] security.DEBUG: Username "admin" was reloaded from user provider. [] []
[2015-09-21 12:21:33] php.EMERGENCY: Fatal Compile Error: Cannot redeclare Optimus\OptimusBundle\Servicios\ServiceAPPVMCalculation::getDataVariablesInput() {"type":1,"file":"/var/www/optimus/src/Optimus/OptimusBundle/Servicios/ServiceAPPVMCalculation.php","line":172,"level":24575,"stack":[]} []
[2015-09-21 12:21:33] request.CRITICAL: Uncaught PHP Exception Symfony\Component\Debug\Exception\FatalErrorException: "Compile Error: Cannot redeclare Optimus\OptimusBundle\Servicios\ServiceAPPVMCalculation::getDataVariablesInput()" at /var/www/optimus/src/Optimus/OptimusBundle/Servicios/ServiceAPPVMCalculation.php line 172 {"exception":"[object] (Symfony\\Component\\Debug\\Exception\\FatalErrorException(code: 0): Compile Error: Cannot redeclare Optimus\\OptimusBundle\\Servicios\\ServiceAPPVMCalculation::getDataVariablesInput() at /var/www/optimus/src/Optimus/OptimusBundle/Servicios/ServiceAPPVMCalculation.php:172)"} []
[2015-09-21 12:21:33] security.DEBUG: Write SecurityContext in the session [] []
[2015-09-21 13:12:24] request.INFO: Matched route "actionPlan_mapping" (parameters: "_controller": "Optimus\OptimusBundle\Controller\APSensorsController::mappingAction", "idBuilding": "1", "idActionPlan": "10", "_route": "actionPlan_mapping") [] []
[2015-09-21 13:12:24] security.DEBUG: Read SecurityContext from the session [] []
[2015-09-21 13:12:24] security.DEBUG: Reloading user from user provider. [] []
[2015-09-21 13:12:24] security.DEBUG: Username "admin" was reloaded from user provider. [] []
[2015-09-21 13:12:24] php.EMERGENCY: Fatal Error: Undefined class constant 'sensor_1_indoor_temperature_name' {"type":1,"file":"/var/www/optimus/src/Optimus/OptimusBundle/Servicios/ServiceAPPreheating.php","line":29,"level":24575,"stack":[]} []
[2015-09-21 13:12:24] request.CRITICAL: Uncaught PHP Exception Symfony\Component\Debug\Exception\FatalErrorException: "Error: Undefined class constant 'sensor_1_indoor_temperature_name'" at /var/www/optimus/src/Optimus/OptimusBundle/Servicios/ServiceAPPreheating.php line 29 {"exception":"[object] (Symfony\\Component\\Debug\\Exception\\FatalErrorException(code: 0): Error: Undefined class constant 'sensor_1_indoor_temperature_name' at /var/www/optimus/src/Optimus/OptimusBundle/Servicios/ServiceAPPreheating.php:29)"} []
[2015-09-21 13:12:24] security.DEBUG: Write SecurityContext in the session [] []
[2015-09-21 13:12:58] request.INFO: Matched route "actionPlan_mapping" (parameters: "_controller": "Optimus\OptimusBundle\Controller\APSensorsController::mappingAction", "idBuilding": "1", "idActionPlan": "10", "_route": "actionPlan_mapping") [] []
[2015-09-21 13:12:58] security.DEBUG: Read SecurityContext from the session [] []
[2015-09-21 13:12:58] security.DEBUG: Reloading user from user provider. [] []
[2015-09-21 13:12:58] security.DEBUG: Username "admin" was reloaded from user provider. [] []
[2015-09-21 13:12:58] php.EMERGENCY: Fatal Error: Undefined class constant 'sensor_1_indoor_temperature_name' {"type":1,"file":"/var/www/optimus/src/Optimus/OptimusBundle/Servicios/ServiceAPPreheating.php","line":29,"level":24575,"stack":[]} []
[2015-09-21 13:12:58] request.CRITICAL: Uncaught PHP Exception Symfony\Component\Debug\Exception\FatalErrorException: "Error: Undefined class constant 'sensor_1_indoor_temperature_name'" at /var/www/optimus/src/Optimus/OptimusBundle/Servicios/ServiceAPPreheating.php line 29 {"exception":"[object] (Symfony\\Component\\Debug\\Exception\\FatalErrorException(code: 0): Error: Undefined class constant 'sensor_1_indoor_temperature_name' at /var/www/optimus/src/Optimus/OptimusBundle/Servicios/ServiceAPPreheating.php:29)"} []
[2015-09-21 13:12:58] security.DEBUG: Write SecurityContext in the session [] []
[2015-09-21 13:13:00] request.INFO: Matched route "actionPlan_mapping" (parameters: "_controller": "Optimus\OptimusBundle\Controller\APSensorsController::mappingAction", "idBuilding": "1", "idActionPlan": "10", "_route": "actionPlan_mapping") [] []
[2015-09-21 13:13:00] security.DEBUG: Read SecurityContext from the session [] []
[2015-09-21 13:13:00] security.DEBUG: Reloading user from user provider. [] []
[2015-09-21 13:13:00] security.DEBUG: Username "admin" was reloaded from user provider. [] []
[2015-09-21 13:13:00] php.EMERGENCY: Fatal Error: Undefined class constant 'sensor_1_indoor_temperature_name' {"type":1,"file":"/var/www/optimus/src/Optimus/OptimusBundle/Servicios/ServiceAPPreheating.php","line":29,"level":24575,"stack":[]} []
[2015-09-21 13:13:00] request.CRITICAL: Uncaught PHP Exception Symfony\Component\Debug\Exception\FatalErrorException: "Error: Undefined class constant 'sensor_1_indoor_temperature_name'" at /var/www/optimus/src/Optimus/OptimusBundle/Servicios/ServiceAPPreheating.php line 29 {"exception":"[object] (Symfony\\Component\\Debug\\Exception\\FatalErrorException(code: 0): Error: Undefined class constant 'sensor_1_indoor_temperature_name' at /var/www/optimus/src/Optimus/OptimusBundle/Servicios/ServiceAPPreheating.php:29)"} []
[2015-09-21 13:13:00] security.DEBUG: Write SecurityContext in the session [] []
[2015-09-21 13:13:01] request.INFO: Matched route "actionPlan_mapping" (parameters: "_controller": "Optimus\OptimusBundle\Controller\APSensorsController::mappingAction", "idBuilding": "1", "idActionPlan": "10", "_route": "actionPlan_mapping") [] []
[2015-09-21 13:13:01] security.DEBUG: Read SecurityContext from the session [] []
[2015-09-21 13:13:01] security.DEBUG: Reloading user from user provider. [] []
[2015-09-21 13:13:01] security.DEBUG: Username "admin" was reloaded from user provider. [] []
[2015-09-21 13:13:01] php.EMERGENCY: Fatal Error: Undefined class constant 'sensor_1_indoor_temperature_name' {"type":1,"file":"/var/www/optimus/src/Optimus/OptimusBundle/Servicios/ServiceAPPreheating.php","line":29,"level":24575,"stack":[]} []
[2015-09-21 13:13:01] request.CRITICAL: Uncaught PHP Exception Symfony\Component\Debug\Exception\FatalErrorException: "Error: Undefined class constant 'sensor_1_indoor_temperature_name'" at /var/www/optimus/src/Optimus/OptimusBundle/Servicios/ServiceAPPreheating.php line 29 {"exception":"[object] (Symfony\\Component\\Debug\\Exception\\FatalErrorException(code: 0): Error: Undefined class constant 'sensor_1_indoor_temperature_name' at /var/www/optimus/src/Optimus/OptimusBundle/Servicios/ServiceAPPreheating.php:29)"} []
[2015-09-21 13:13:02] security.DEBUG: Write SecurityContext in the session [] []
[2015-09-21 13:13:01] request.INFO: Matched route "actionPlan_mapping" (parameters: "_controller": "Optimus\OptimusBundle\Controller\APSensorsController::mappingAction", "idBuilding": "1", "idActionPlan": "10", "_route": "actionPlan_mapping") [] []
[2015-09-21 13:13:02] security.DEBUG: Read SecurityContext from the session [] []
[2015-09-21 13:13:02] security.DEBUG: Reloading user from user provider. [] []
[2015-09-21 13:13:02] security.DEBUG: Username "admin" was reloaded from user provider. [] []
[2015-09-21 13:13:02] php.EMERGENCY: Fatal Error: Undefined class constant 'sensor_1_indoor_temperature_name' {"type":1,"file":"/var/www/optimus/src/Optimus/OptimusBundle/Servicios/ServiceAPPreheating.php","line":29,"level":24575,"stack":[]} []
[2015-09-21 13:13:02] request.CRITICAL: Uncaught PHP Exception Symfony\Component\Debug\Exception\FatalErrorException: "Error: Undefined class constant 'sensor_1_indoor_temperature_name'" at /var/www/optimus/src/Optimus/OptimusBundle/Servicios/ServiceAPPreheating.php line 29 {"exception":"[object] (Symfony\\Component\\Debug\\Exception\\FatalErrorException(code: 0): Error: Undefined class constant 'sensor_1_indoor_temperature_name' at /var/www/optimus/src/Optimus/OptimusBundle/Servicios/ServiceAPPreheating.php:29)"} []
[2015-09-21 13:13:02] security.DEBUG: Write SecurityContext in the session [] []
[2015-09-22 09:12:33] request.INFO: Matched route "adminSensors" (parameters: "_controller": "Optimus\OptimusBundle\Controller\SensorController::getAdminSensorsAction", "idBuilding": "1", "_route": "adminSensors") [] []
[2015-09-22 09:12:33] security.DEBUG: Read SecurityContext from the session [] []
[2015-09-22 09:12:33] security.DEBUG: Reloading user from user provider. [] []
[2015-09-22 09:12:33] security.DEBUG: Username "admin" was reloaded from user provider. [] []
[2015-09-22 09:12:34] php.EMERGENCY: Fatal Error: Call to undefined function Optimus\OptimusBundle\Controller\dump() {"type":1,"file":"/var/www/optimus/src/Optimus/OptimusBundle/Controller/SensorController.php","line":54,"level":24575,"stack":[]} []
[2015-09-22 09:12:34] request.CRITICAL: Uncaught PHP Exception Symfony\Component\Debug\Exception\UndefinedFunctionException: "Attempted to call function "dump" from namespace "Optimus\OptimusBundle\Controller"." at /var/www/optimus/src/Optimus/OptimusBundle/Controller/SensorController.php line 54 {"exception":"[object] (Symfony\\Component\\Debug\\Exception\\UndefinedFunctionException(code: 0): Attempted to call function \"dump\" from namespace \"Optimus\\OptimusBundle\\Controller\". at /var/www/optimus/src/Optimus/OptimusBundle/Controller/SensorController.php:54)"} []
[2015-09-22 09:12:34] security.DEBUG: Write SecurityContext in the session [] []
[2015-09-23 15:28:33] request.INFO: Matched route "selectGraph" (parameters: "_controller": "Optimus\OptimusBundle\Controller\InitController::selectGraphAction", "idBuilding": "1", "_route": "selectGraph") [] []
[2015-09-23 15:28:33] security.DEBUG: Read SecurityContext from the session [] []
[2015-09-23 15:28:33] security.DEBUG: Reloading user from user provider. [] []
[2015-09-23 15:28:33] security.DEBUG: Username "admin" was reloaded from user provider. [] []
[2015-09-23 15:28:34] php.EMERGENCY: Fatal Error: Call to undefined function Optimus\OptimusBundle\Controller\dump() {"type":1,"file":"/var/www/optimus/src/Optimus/OptimusBundle/Controller/InitController.php","line":73,"level":24575,"stack":[]} []
[2015-09-23 15:28:34] request.CRITICAL: Uncaught PHP Exception Symfony\Component\Debug\Exception\UndefinedFunctionException: "Attempted to call function "dump" from namespace "Optimus\OptimusBundle\Controller"." at /var/www/optimus/src/Optimus/OptimusBundle/Controller/InitController.php line 73 {"exception":"[object] (Symfony\\Component\\Debug\\Exception\\UndefinedFunctionException(code: 0): Attempted to call function \"dump\" from namespace \"Optimus\\OptimusBundle\\Controller\". at /var/www/optimus/src/Optimus/OptimusBundle/Controller/InitController.php:73)"} []
[2015-09-23 15:28:34] security.DEBUG: Write SecurityContext in the session [] []
[2016-05-07 04:00:01] request.INFO: Matched route "semanticframeworkget_data_for_forecasting" (parameters: "_controller": "Optimus\OptimusBundle\Controller\SemanticFrameworkController::get_data_for_forecastingAction", "predictedparameter": "production", "date": "2016-05-07T00:00:00Z", "window": "169", "sensors": "102_103_104_105_106_107_109_1", "_route": "semanticframeworkget_data_for_forecasting") [] []
[2016-05-07 04:00:01] security.INFO: Populated SecurityContext with an anonymous Token [] []
[2016-05-07 04:00:01] php.EMERGENCY: Fatal Error: Class 'ARC2_SPARQL11RemoteStore' not found {"type":1,"file":"C:\\DSS\\wwwRoot\\santcugat\\vendor\\arc\\lib\\ARC\\src\\ARC2.php","line":357,"level":22527,"stack":[]} []
[2016-05-07 04:00:03] request.CRITICAL: Uncaught PHP Exception Symfony\Component\Debug\Exception\ClassNotFoundException: "Attempted to load class "ARC2_SPARQL11RemoteStore" from the global namespace. Did you forget a "use" statement?" at C:\DSS\wwwRoot\santcugat\vendor\arc\lib\ARC\src\ARC2.php line 357 {"exception":"[object] (Symfony\\Component\\Debug\\Exception\\ClassNotFoundException(code: 0): Attempted to load class \"ARC2_SPARQL11RemoteStore\" from the global namespace.\nDid you forget a \"use\" statement? at C:\\DSS\\wwwRoot\\santcugat\\vendor\\arc\\lib\\ARC\\src\\ARC2.php:357)"} []
[2016-05-07 04:00:03] security.DEBUG: Write SecurityContext in the session [] []
[2016-05-09 02:45:50] request.ERROR: Uncaught PHP Exception Symfony\Component\HttpKernel\Exception\NotFoundHttpException: "No route found for "GET /semantic-framework/get_data_for_forecasting/production/"" at C:\DSS\wwwRoot\santcugat\app\cache\prod\classes.php line 2420 {"exception":"[object] (Symfony\\Component\\HttpKernel\\Exception\\NotFoundHttpException(code: 0): No route found for \"GET /semantic-framework/get_data_for_forecasting/production/\" at C:\\DSS\\wwwRoot\\santcugat\\app\\cache\\prod\\classes.php:2420, Symfony\\Component\\Routing\\Exception\\ResourceNotFoundException(code: 0):  at C:\\DSS\\wwwRoot\\santcugat\\app\\cache\\prod\\appProdUrlMatcher.php:490)"} []
[2016-05-09 10:40:26] request.ERROR: Uncaught PHP Exception Symfony\Component\HttpKernel\Exception\NotFoundHttpException: "No route found for "GET /bundles/optimus/css/ui-lightness/jquery-ui-1.10.3.mine.css" (from "http://optimusdss.epu.ntua.gr/santcugat/set_point/1/2")" at C:\DSS\wwwRoot\santcugat\app\cache\prod\classes.php line 2420 {"exception":"[object] (Symfony\\Component\\HttpKernel\\Exception\\NotFoundHttpException(code: 0): No route found for \"GET /bundles/optimus/css/ui-lightness/jquery-ui-1.10.3.mine.css\" (from \"http://optimusdss.epu.ntua.gr/santcugat/set_point/1/2\") at C:\\DSS\\wwwRoot\\santcugat\\app\\cache\\prod\\classes.php:2420, Symfony\\Component\\Routing\\Exception\\ResourceNotFoundException(code: 0):  at C:\\DSS\\wwwRoot\\santcugat\\app\\cache\\prod\\appProdUrlMatcher.php:490)"} []
[2016-05-09 10:40:56] request.ERROR: Uncaught PHP Exception Symfony\Component\HttpKernel\Exception\NotFoundHttpException: "No route found for "GET /bundles/optimus/css/ui-lightness/jquery-ui-1.10.3.mine.css" (from "http://optimusdss.epu.ntua.gr/santcugat/set_point/1/2/2016-05-09")" at C:\DSS\wwwRoot\santcugat\app\cache\prod\classes.php line 2420 {"exception":"[object] (Symfony\\Component\\HttpKernel\\Exception\\NotFoundHttpException(code: 0): No route found for \"GET /bundles/optimus/css/ui-lightness/jquery-ui-1.10.3.mine.css\" (from \"http://optimusdss.epu.ntua.gr/santcugat/set_point/1/2/2016-05-09\") at C:\\DSS\\wwwRoot\\santcugat\\app\\cache\\prod\\classes.php:2420, Symfony\\Component\\Routing\\Exception\\ResourceNotFoundException(code: 0):  at C:\\DSS\\wwwRoot\\santcugat\\app\\cache\\prod\\appProdUrlMatcher.php:490)"} []
[2016-05-09 11:15:34] request.ERROR: Uncaught PHP Exception Symfony\Component\HttpKernel\Exception\NotFoundHttpException: "No route found for "GET /bundles/optimus/css/ui-lightness/jquery-ui-1.10.3.mine.css" (from "http://optimusdss.epu.ntua.gr/santcugat/set_point/1/2")" at C:\DSS\wwwRoot\santcugat\app\cache\prod\classes.php line 2420 {"exception":"[object] (Symfony\\Component\\HttpKernel\\Exception\\NotFoundHttpException(code: 0): No route found for \"GET /bundles/optimus/css/ui-lightness/jquery-ui-1.10.3.mine.css\" (from \"http://optimusdss.epu.ntua.gr/santcugat/set_point/1/2\") at C:\\DSS\\wwwRoot\\santcugat\\app\\cache\\prod\\classes.php:2420, Symfony\\Component\\Routing\\Exception\\ResourceNotFoundException(code: 0):  at C:\\DSS\\wwwRoot\\santcugat\\app\\cache\\prod\\appProdUrlMatcher.php:490)"} []
[2016-05-09 11:15:43] request.ERROR: Uncaught PHP Exception Symfony\Component\HttpKernel\Exception\NotFoundHttpException: "No route found for "GET /bundles/optimus/css/ui-lightness/jquery-ui-1.10.3.mine.css" (from "http://optimusdss.epu.ntua.gr/santcugat/set_point/1/2/2016-05-11")" at C:\DSS\wwwRoot\santcugat\app\cache\prod\classes.php line 2420 {"exception":"[object] (Symfony\\Component\\HttpKernel\\Exception\\NotFoundHttpException(code: 0): No route found for \"GET /bundles/optimus/css/ui-lightness/jquery-ui-1.10.3.mine.css\" (from \"http://optimusdss.epu.ntua.gr/santcugat/set_point/1/2/2016-05-11\") at C:\\DSS\\wwwRoot\\santcugat\\app\\cache\\prod\\classes.php:2420, Symfony\\Component\\Routing\\Exception\\ResourceNotFoundException(code: 0):  at C:\\DSS\\wwwRoot\\santcugat\\app\\cache\\prod\\appProdUrlMatcher.php:490)"} []
[2016-05-09 11:17:01] request.ERROR: Uncaught PHP Exception Symfony\Component\HttpKernel\Exception\NotFoundHttpException: "No route found for "GET /bundles/optimus/css/ui-lightness/jquery-ui-1.10.3.mine.css" (from "http://optimusdss.epu.ntua.gr/santcugat/set_point/1/2")" at C:\DSS\wwwRoot\santcugat\app\cache\prod\classes.php line 2420 {"exception":"[object] (Symfony\\Component\\HttpKernel\\Exception\\NotFoundHttpException(code: 0): No route found for \"GET /bundles/optimus/css/ui-lightness/jquery-ui-1.10.3.mine.css\" (from \"http://optimusdss.epu.ntua.gr/santcugat/set_point/1/2\") at C:\\DSS\\wwwRoot\\santcugat\\app\\cache\\prod\\classes.php:2420, Symfony\\Component\\Routing\\Exception\\ResourceNotFoundException(code: 0):  at C:\\DSS\\wwwRoot\\santcugat\\app\\cache\\prod\\appProdUrlMatcher.php:490)"} []
[2016-05-09 15:25:44] request.ERROR: Uncaught PHP Exception Symfony\Component\HttpKernel\Exception\NotFoundHttpException: "No route found for "GET /bundles/optimus/css/ui-lightness/jquery-ui-1.10.3.mine.css" (from "http://optimusdss.epu.ntua.gr/santcugat/set_point/1/2")" at C:\DSS\wwwRoot\santcugat\app\cache\prod\classes.php line 2420 {"exception":"[object] (Symfony\\Component\\HttpKernel\\Exception\\NotFoundHttpException(code: 0): No route found for \"GET /bundles/optimus/css/ui-lightness/jquery-ui-1.10.3.mine.css\" (from \"http://optimusdss.epu.ntua.gr/santcugat/set_point/1/2\") at C:\\DSS\\wwwRoot\\santcugat\\app\\cache\\prod\\classes.php:2420, Symfony\\Component\\Routing\\Exception\\ResourceNotFoundException(code: 0):  at C:\\DSS\\wwwRoot\\santcugat\\app\\cache\\prod\\appProdUrlMatcher.php:490)"} []
[2016-05-10 14:29:08] request.ERROR: Uncaught PHP Exception Symfony\Component\HttpKernel\Exception\NotFoundHttpException: "No route found for "GET /bundles/optimus/css/ui-lightness/jquery-ui-1.10.3.mine.css" (from "http://optimusdss.epu.ntua.gr/santcugat/set_point/1/2")" at C:\DSS\wwwRoot\santcugat\app\cache\prod\classes.php line 2420 {"exception":"[object] (Symfony\\Component\\HttpKernel\\Exception\\NotFoundHttpException(code: 0): No route found for \"GET /bundles/optimus/css/ui-lightness/jquery-ui-1.10.3.mine.css\" (from \"http://optimusdss.epu.ntua.gr/santcugat/set_point/1/2\") at C:\\DSS\\wwwRoot\\santcugat\\app\\cache\\prod\\classes.php:2420, Symfony\\Component\\Routing\\Exception\\ResourceNotFoundException(code: 0):  at C:\\DSS\\wwwRoot\\santcugat\\app\\cache\\prod\\appProdUrlMatcher.php:490)"} []
